<?xml version="1.0" encoding="UTF-8"?>
<!-- Generated by org.testng.reporters.JUnitReportReporter -->
<testsuite skipped="0" hostname="piyush-Inspiron-3420" name="com.touku.webapp.scripts.MessageList" tests="90" failures="2" timestamp="09 Oct 2020 11:38:44 GMT" time="30.943" errors="2">
  <testcase name="TC_URLVerify_1" time="1.323" classname="com.touku.webapp.scripts.MessageList"/>
  <testcase name="TC_ChangeLanguageFlag_2" time="2.458" classname="com.touku.webapp.scripts.MessageList"/>
  <testcase name="TC_LoginUser_3" time="4.032" classname="com.touku.webapp.scripts.MessageList"/>
  <testcase name="TC_VerifyMessagesSideMenuOptionClick_4" time="3.136" classname="com.touku.webapp.scripts.MessageList"/>
  <testcase name="TC_CheckCurrentURL_5" time="0.210" classname="com.touku.webapp.scripts.MessageList">
    <failure type="java.lang.AssertionError" message="The URL is not same as expected expected [true] but found [false]">
      <![CDATA[java.lang.AssertionError: The URL is not same as expected expected [true] but found [false]
	at org.testng.Assert.fail(Assert.java:93)
	at org.testng.Assert.failNotEquals(Assert.java:512)
	at org.testng.Assert.assertTrue(Assert.java:41)
	at com.touku.webapp.scripts.MessageList.TC_CheckCurrentURL_5(MessageList.java:61)
	at sun.reflect.NativeMethodAccessorImpl.invoke0(Native Method)
	at sun.reflect.NativeMethodAccessorImpl.invoke(NativeMethodAccessorImpl.java:62)
	at sun.reflect.DelegatingMethodAccessorImpl.invoke(DelegatingMethodAccessorImpl.java:43)
	at java.lang.reflect.Method.invoke(Method.java:498)
	at org.testng.internal.MethodInvocationHelper.invokeMethod(MethodInvocationHelper.java:108)
	at org.testng.internal.Invoker.invokeMethod(Invoker.java:661)
	at org.testng.internal.Invoker.invokeTestMethod(Invoker.java:869)
	at org.testng.internal.Invoker.invokeTestMethods(Invoker.java:1193)
	at org.testng.internal.TestMethodWorker.invokeTestMethods(TestMethodWorker.java:126)
	at org.testng.internal.TestMethodWorker.run(TestMethodWorker.java:109)
	at org.testng.TestRunner.privateRun(TestRunner.java:744)
	at org.testng.TestRunner.run(TestRunner.java:602)
	at org.testng.SuiteRunner.runTest(SuiteRunner.java:380)
	at org.testng.SuiteRunner.runSequentially(SuiteRunner.java:375)
	at org.testng.SuiteRunner.privateRun(SuiteRunner.java:340)
	at org.testng.SuiteRunner.run(SuiteRunner.java:289)
	at org.testng.SuiteRunnerWorker.runSuite(SuiteRunnerWorker.java:52)
	at org.testng.SuiteRunnerWorker.run(SuiteRunnerWorker.java:86)
	at org.testng.TestNG.runSuitesSequentially(TestNG.java:1301)
	at org.testng.TestNG.runSuitesLocally(TestNG.java:1226)
	at org.testng.TestNG.runSuites(TestNG.java:1144)
	at org.testng.TestNG.run(TestNG.java:1115)
	at org.testng.remote.AbstractRemoteTestNG.run(AbstractRemoteTestNG.java:115)
	at org.testng.remote.RemoteTestNG.initAndRun(RemoteTestNG.java:251)
	at org.testng.remote.RemoteTestNG.main(RemoteTestNG.java:77)
]]>
    </failure>
  </testcase> <!-- TC_CheckCurrentURL_5 -->
  <testcase name="TC_MessageListHeaderVerify_6" time="0.757" classname="com.touku.webapp.scripts.MessageList"/>
  <testcase name="TC_SideMenuOptionMessagesVerify_7" time="5.552" classname="com.touku.webapp.scripts.MessageList"/>
  <testcase name="TC_DynamicChannelNameVerify_8" time="0.113" classname="com.touku.webapp.scripts.MessageList"/>
  <testcase name="TC_ComposeNewButtonVerify_9" time="0.638" classname="com.touku.webapp.scripts.MessageList"/>
  <testcase name="TC_ActiveTabVerify_10" time="0.118" classname="com.touku.webapp.scripts.MessageList"/>
  <testcase name="TC_ScheduleTabVerify_11" time="0.110" classname="com.touku.webapp.scripts.MessageList"/>
  <testcase name="TC_DraftsTabVerify_12" time="0.101" classname="com.touku.webapp.scripts.MessageList"/>
  <testcase name="TC_SentTabVerify_13" time="0.053" classname="com.touku.webapp.scripts.MessageList"/>
  <testcase name="TC_FromCalenderDateIconVerify_14" time="0.106" classname="com.touku.webapp.scripts.MessageList"/>
  <testcase name="TC_FromDateCalenderVerify_15" time="0.048" classname="com.touku.webapp.scripts.MessageList"/>
  <testcase name="TC_ToTextBTWVerify_16" time="0.107" classname="com.touku.webapp.scripts.MessageList"/>
  <testcase name="TC_ToDateCalenderVerify_17" time="0.119" classname="com.touku.webapp.scripts.MessageList"/>
  <testcase name="TC_ToCalenderDateIconVerify_18" time="0.052" classname="com.touku.webapp.scripts.MessageList"/>
  <testcase name="TC_SearchIconMessageVerify_19" time="0.107" classname="com.touku.webapp.scripts.MessageList"/>
  <testcase name="TC_SearchButtonVerify_20" time="0.352" classname="com.touku.webapp.scripts.MessageList"/>
  <testcase name="TC_ClearButtonTextVerify_21" time="0.353" classname="com.touku.webapp.scripts.MessageList"/>
  <testcase name="TC_ClearButtonVerify_22" time="0.052" classname="com.touku.webapp.scripts.MessageList"/>
  <testcase name="TC_ActionTHTextVerify_23" time="0.114" classname="com.touku.webapp.scripts.MessageList"/>
  <testcase name="TC_ActionTHVerify_24" time="0.056" classname="com.touku.webapp.scripts.MessageList"/>
  <testcase name="TC_ContentTHTextVerify_25" time="0.109" classname="com.touku.webapp.scripts.MessageList"/>
  <testcase name="TC_ContentTHVerify_26" time="0.051" classname="com.touku.webapp.scripts.MessageList"/>
  <testcase name="TC_TargetTHTextVerify_27" time="0.181" classname="com.touku.webapp.scripts.MessageList"/>
  <testcase name="TC_TargetTHVerify_28" time="0.055" classname="com.touku.webapp.scripts.MessageList"/>
  <testcase name="TC_NumberOfTargetTHTextVerify_29" time="0.113" classname="com.touku.webapp.scripts.MessageList"/>
  <testcase name="TC_NumberOfTargetTHVerify_30" time="0.059" classname="com.touku.webapp.scripts.MessageList"/>
  <testcase name="TC_ScheduledAtTHTextVerify_31" time="0.100" classname="com.touku.webapp.scripts.MessageList"/>
  <testcase name="TC_ScheduledAtTHVerify_32" time="0.051" classname="com.touku.webapp.scripts.MessageList"/>
  <testcase name="TC_DefaultMessageVerify_33" time="0.053" classname="com.touku.webapp.scripts.MessageList"/>
  <testcase name="TC_VerifyEnterFromDate_34" time="0.800" classname="com.touku.webapp.scripts.MessageList"/>
  <testcase name="TC_VerifyEnterToDate_35" time="0.237" classname="com.touku.webapp.scripts.MessageList"/>
  <testcase name="TC_VerifySearchButtonClick_36" time="0.328" classname="com.touku.webapp.scripts.MessageList"/>
  <testcase name="TC_VerifyClearButtonClick_37" time="0.120" classname="com.touku.webapp.scripts.MessageList"/>
  <testcase name="TC_VerifyDraftsTabclick_38" time="0.132" classname="com.touku.webapp.scripts.MessageList"/>
  <testcase name="TC_FromCalenderDateIconVerify_39" time="0.113" classname="com.touku.webapp.scripts.MessageList"/>
  <testcase name="TC_FromDateCalenderVerify_40" time="0.046" classname="com.touku.webapp.scripts.MessageList"/>
  <testcase name="TC_ToTextBTWVerify_41" time="0.106" classname="com.touku.webapp.scripts.MessageList"/>
  <testcase name="TC_ToDateCalenderVerify_42" time="0.067" classname="com.touku.webapp.scripts.MessageList"/>
  <testcase name="TC_ToCalenderDateIconVerify_43" time="0.088" classname="com.touku.webapp.scripts.MessageList"/>
  <testcase name="TC_SearchIconMessageVerify_44" time="0.051" classname="com.touku.webapp.scripts.MessageList"/>
  <testcase name="TC_SearchButtonVerify_45" time="0.045" classname="com.touku.webapp.scripts.MessageList"/>
  <testcase name="TC_ClearButtonTextVerify_47" time="0.106" classname="com.touku.webapp.scripts.MessageList"/>
  <testcase name="TC_ClearButtonVerify_48" time="0.052" classname="com.touku.webapp.scripts.MessageList"/>
  <testcase name="TC_ActionTHTextVerify_49" time="0.105" classname="com.touku.webapp.scripts.MessageList"/>
  <testcase name="TC_ActionTHVerify_50" time="0.056" classname="com.touku.webapp.scripts.MessageList"/>
  <testcase name="TC_ContentTHTextVerify_51" time="0.110" classname="com.touku.webapp.scripts.MessageList"/>
  <testcase name="TC_ContentTHVerify_52" time="0.057" classname="com.touku.webapp.scripts.MessageList"/>
  <testcase name="TC_TargetTHTextVerify_53" time="0.090" classname="com.touku.webapp.scripts.MessageList"/>
  <testcase name="TC_TargetTHVerify_54" time="0.045" classname="com.touku.webapp.scripts.MessageList"/>
  <testcase name="TC_NumberOfTargetTHTextVerify_55" time="0.055" classname="com.touku.webapp.scripts.MessageList"/>
  <testcase name="TC_NumberOfTargetTHVerify_56" time="0.096" classname="com.touku.webapp.scripts.MessageList"/>
  <testcase name="TC_ScheduledAtTHTextVerify_57" time="0.314" classname="com.touku.webapp.scripts.MessageList"/>
  <testcase name="TC_ScheduledAtTHVerify_58" time="0.099" classname="com.touku.webapp.scripts.MessageList"/>
  <testcase name="TC_DefaultMessageDraftsVerify_59" time="0.056" classname="com.touku.webapp.scripts.MessageList"/>
  <testcase name="TC_VerifyEnterFromDate_60" time="1.485" classname="com.touku.webapp.scripts.MessageList"/>
  <testcase name="TC_VerifyEnterToDate_61" time="0.275" classname="com.touku.webapp.scripts.MessageList"/>
  <testcase name="TC_VerifySearchButtonClick_62" time="0.115" classname="com.touku.webapp.scripts.MessageList"/>
  <testcase name="TC_VerifyClearButtonClick_63" time="0.101" classname="com.touku.webapp.scripts.MessageList"/>
  <testcase name="TC_VerifySentTabclick_64" time="0.126" classname="com.touku.webapp.scripts.MessageList"/>
  <testcase name="TC_FromCalenderDateIconVerify_65" time="0.045" classname="com.touku.webapp.scripts.MessageList"/>
  <testcase name="TC_FromDateCalenderVerify_66" time="0.047" classname="com.touku.webapp.scripts.MessageList"/>
  <testcase name="TC_ToTextBTWVerify_67" time="0.096" classname="com.touku.webapp.scripts.MessageList"/>
  <testcase name="TC_ToDateCalenderVerify_68" time="0.042" classname="com.touku.webapp.scripts.MessageList"/>
  <testcase name="TC_ToCalenderDateIconVerify_69" time="0.064" classname="com.touku.webapp.scripts.MessageList"/>
  <testcase name="TC_SearchIconMessageVerify_70" time="0.124" classname="com.touku.webapp.scripts.MessageList"/>
  <testcase name="TC_SearchButtonVerify_71" time="0.044" classname="com.touku.webapp.scripts.MessageList"/>
  <testcase name="TC_ClearButtonTextVerify_72" time="0.094" classname="com.touku.webapp.scripts.MessageList"/>
  <testcase name="TC_ClearButtonVerify_73" time="0.050" classname="com.touku.webapp.scripts.MessageList"/>
  <testcase name="TC_ActionTHTextVerify_74" time="0.092" classname="com.touku.webapp.scripts.MessageList"/>
  <testcase name="TC_ActionTHVerify_75" time="0.050" classname="com.touku.webapp.scripts.MessageList"/>
  <testcase name="TC_ContentTHTextVerify_76" time="0.054" classname="com.touku.webapp.scripts.MessageList"/>
  <testcase name="TC_ContentTHVerify_77" time="0.052" classname="com.touku.webapp.scripts.MessageList"/>
  <testcase name="TC_TargetTHTextVerify_78" time="0.116" classname="com.touku.webapp.scripts.MessageList"/>
  <testcase name="TC_TargetTHVerify_79" time="0.045" classname="com.touku.webapp.scripts.MessageList"/>
  <testcase name="TC_NumberOfTargetTHTextVerify_80" time="0.096" classname="com.touku.webapp.scripts.MessageList"/>
  <testcase name="TC_NumberOfTargetTHVerify_81" time="0.086" classname="com.touku.webapp.scripts.MessageList"/>
  <testcase name="TC_ScheduledAtTHTextVerify_82" time="0.083" classname="com.touku.webapp.scripts.MessageList"/>
  <testcase name="TC_ScheduledAtTHVerify_83" time="0.044" classname="com.touku.webapp.scripts.MessageList"/>
  <testcase name="TC_DefaultMessageSentVerify_84" time="0.107" classname="com.touku.webapp.scripts.MessageList"/>
  <testcase name="TC_VerifyEnterFromDate_85" time="0.114" classname="com.touku.webapp.scripts.MessageList"/>
  <testcase name="TC_VerifyEnterToDate_86" time="0.103" classname="com.touku.webapp.scripts.MessageList"/>
  <testcase name="TC_VerifySearchButtonClick_87" time="0.117" classname="com.touku.webapp.scripts.MessageList"/>
  <testcase name="TC_VerifyClearButtonClick_88" time="1.488" classname="com.touku.webapp.scripts.MessageList">
    <error type="org.openqa.selenium.ElementClickInterceptedException" message="element click intercepted: Element &lt;button _ngcontent-tlv-c23=&quot;&quot; class=&quot;btn btn-danger pointer schedule-btn&quot;&gt;...&lt;/button&gt; is not clickable at point (1309, 232). Other element would receive the click: &lt;nb-toast _nghost-tlv-c31=&quot;&quot; class=&quot;ng-tns-c30-0 ng-trigger ng-trigger-fadeIn danger destroy-by-click has-icon custom-icon ng-star-inserted&quot; style=&quot;&quot;&gt;...&lt;/nb-toast&gt;
  (Session info: chrome=86.0.4240.75)
Build info: version: &#039;3.141.59&#039;, revision: &#039;e82be7d358&#039;, time: &#039;2018-11-14T08:17:03&#039;
System info: host: &#039;piyush-Inspiron-3420&#039;, ip: &#039;127.0.1.1&#039;, os.name: &#039;Linux&#039;, os.arch: &#039;amd64&#039;, os.version: &#039;5.4.0-48-generic&#039;, java.version: &#039;1.8.0_265&#039;
Driver info: org.openqa.selenium.chrome.ChromeDriver
Capabilities {acceptInsecureCerts: false, browserName: chrome, browserVersion: 86.0.4240.75, chrome: {chromedriverVersion: 86.0.4240.22 (398b0743353ff..., userDataDir: /tmp/.com.google.Chrome.MrJ9PG}, goog:chromeOptions: {debuggerAddress: localhost:41485}, javascriptEnabled: true, networkConnectionEnabled: false, pageLoadStrategy: normal, platform: LINUX, platformName: LINUX, proxy: Proxy(), setWindowRect: true, strictFileInteractability: false, timeouts: {implicit: 0, pageLoad: 300000, script: 30000}, unhandledPromptBehavior: dismiss and notify, webauthn:virtualAuthenticators: true}
Session ID: 1ef8f61989f61d1bbcbddd92976df710">
      <![CDATA[org.openqa.selenium.ElementClickInterceptedException: element click intercepted: Element <button _ngcontent-tlv-c23="" class="btn btn-danger pointer schedule-btn">...</button> is not clickable at point (1309, 232). Other element would receive the click: <nb-toast _nghost-tlv-c31="" class="ng-tns-c30-0 ng-trigger ng-trigger-fadeIn danger destroy-by-click has-icon custom-icon ng-star-inserted" style="">...</nb-toast>
  (Session info: chrome=86.0.4240.75)
Build info: version: '3.141.59', revision: 'e82be7d358', time: '2018-11-14T08:17:03'
System info: host: 'piyush-Inspiron-3420', ip: '127.0.1.1', os.name: 'Linux', os.arch: 'amd64', os.version: '5.4.0-48-generic', java.version: '1.8.0_265'
Driver info: org.openqa.selenium.chrome.ChromeDriver
Capabilities {acceptInsecureCerts: false, browserName: chrome, browserVersion: 86.0.4240.75, chrome: {chromedriverVersion: 86.0.4240.22 (398b0743353ff..., userDataDir: /tmp/.com.google.Chrome.MrJ9PG}, goog:chromeOptions: {debuggerAddress: localhost:41485}, javascriptEnabled: true, networkConnectionEnabled: false, pageLoadStrategy: normal, platform: LINUX, platformName: LINUX, proxy: Proxy(), setWindowRect: true, strictFileInteractability: false, timeouts: {implicit: 0, pageLoad: 300000, script: 30000}, unhandledPromptBehavior: dismiss and notify, webauthn:virtualAuthenticators: true}
Session ID: 1ef8f61989f61d1bbcbddd92976df710
	at sun.reflect.NativeConstructorAccessorImpl.newInstance0(Native Method)
	at sun.reflect.NativeConstructorAccessorImpl.newInstance(NativeConstructorAccessorImpl.java:62)
	at sun.reflect.DelegatingConstructorAccessorImpl.newInstance(DelegatingConstructorAccessorImpl.java:45)
	at java.lang.reflect.Constructor.newInstance(Constructor.java:423)
	at org.openqa.selenium.remote.http.W3CHttpResponseCodec.createException(W3CHttpResponseCodec.java:187)
	at org.openqa.selenium.remote.http.W3CHttpResponseCodec.decode(W3CHttpResponseCodec.java:122)
	at org.openqa.selenium.remote.http.W3CHttpResponseCodec.decode(W3CHttpResponseCodec.java:49)
	at org.openqa.selenium.remote.HttpCommandExecutor.execute(HttpCommandExecutor.java:158)
	at org.openqa.selenium.remote.service.DriverCommandExecutor.execute(DriverCommandExecutor.java:83)
	at org.openqa.selenium.remote.RemoteWebDriver.execute(RemoteWebDriver.java:552)
	at org.openqa.selenium.remote.RemoteWebElement.execute(RemoteWebElement.java:285)
	at org.openqa.selenium.remote.RemoteWebElement.click(RemoteWebElement.java:84)
	at sun.reflect.NativeMethodAccessorImpl.invoke0(Native Method)
	at sun.reflect.NativeMethodAccessorImpl.invoke(NativeMethodAccessorImpl.java:62)
	at sun.reflect.DelegatingMethodAccessorImpl.invoke(DelegatingMethodAccessorImpl.java:43)
	at java.lang.reflect.Method.invoke(Method.java:498)
	at org.openqa.selenium.support.pagefactory.internal.LocatingElementHandler.invoke(LocatingElementHandler.java:51)
	at com.sun.proxy.$Proxy13.click(Unknown Source)
	at com.touku.webapp.scripts.MessageList.TC_VerifyClearButtonClick_88(MessageList.java:774)
	at sun.reflect.NativeMethodAccessorImpl.invoke0(Native Method)
	at sun.reflect.NativeMethodAccessorImpl.invoke(NativeMethodAccessorImpl.java:62)
	at sun.reflect.DelegatingMethodAccessorImpl.invoke(DelegatingMethodAccessorImpl.java:43)
	at java.lang.reflect.Method.invoke(Method.java:498)
	at org.testng.internal.MethodInvocationHelper.invokeMethod(MethodInvocationHelper.java:108)
	at org.testng.internal.Invoker.invokeMethod(Invoker.java:661)
	at org.testng.internal.Invoker.invokeTestMethod(Invoker.java:869)
	at org.testng.internal.Invoker.invokeTestMethods(Invoker.java:1193)
	at org.testng.internal.TestMethodWorker.invokeTestMethods(TestMethodWorker.java:126)
	at org.testng.internal.TestMethodWorker.run(TestMethodWorker.java:109)
	at org.testng.TestRunner.privateRun(TestRunner.java:744)
	at org.testng.TestRunner.run(TestRunner.java:602)
	at org.testng.SuiteRunner.runTest(SuiteRunner.java:380)
	at org.testng.SuiteRunner.runSequentially(SuiteRunner.java:375)
	at org.testng.SuiteRunner.privateRun(SuiteRunner.java:340)
	at org.testng.SuiteRunner.run(SuiteRunner.java:289)
	at org.testng.SuiteRunnerWorker.runSuite(SuiteRunnerWorker.java:52)
	at org.testng.SuiteRunnerWorker.run(SuiteRunnerWorker.java:86)
	at org.testng.TestNG.runSuitesSequentially(TestNG.java:1301)
	at org.testng.TestNG.runSuitesLocally(TestNG.java:1226)
	at org.testng.TestNG.runSuites(TestNG.java:1144)
	at org.testng.TestNG.run(TestNG.java:1115)
	at org.testng.remote.AbstractRemoteTestNG.run(AbstractRemoteTestNG.java:115)
	at org.testng.remote.RemoteTestNG.initAndRun(RemoteTestNG.java:251)
	at org.testng.remote.RemoteTestNG.main(RemoteTestNG.java:77)
]]>
    </error>
  </testcase> <!-- TC_VerifyClearButtonClick_88 -->
  <testcase name="TC_VerifyComposeMessageButtonClick_89" time="1.145" classname="com.touku.webapp.scripts.MessageList">
    <error type="org.openqa.selenium.ElementClickInterceptedException" message="element click intercepted: Element &lt;button _ngcontent-tlv-c20=&quot;&quot; class=&quot;btn btn-success pointer new-compose-btn&quot;&gt;...&lt;/button&gt; is not clickable at point (1251, 97). Other element would receive the click: &lt;nb-toast _nghost-tlv-c31=&quot;&quot; class=&quot;ng-tns-c30-0 ng-trigger ng-trigger-fadeIn danger destroy-by-click has-icon custom-icon ng-star-inserted&quot; style=&quot;&quot;&gt;...&lt;/nb-toast&gt;
  (Session info: chrome=86.0.4240.75)
Build info: version: &#039;3.141.59&#039;, revision: &#039;e82be7d358&#039;, time: &#039;2018-11-14T08:17:03&#039;
System info: host: &#039;piyush-Inspiron-3420&#039;, ip: &#039;127.0.1.1&#039;, os.name: &#039;Linux&#039;, os.arch: &#039;amd64&#039;, os.version: &#039;5.4.0-48-generic&#039;, java.version: &#039;1.8.0_265&#039;
Driver info: org.openqa.selenium.chrome.ChromeDriver
Capabilities {acceptInsecureCerts: false, browserName: chrome, browserVersion: 86.0.4240.75, chrome: {chromedriverVersion: 86.0.4240.22 (398b0743353ff..., userDataDir: /tmp/.com.google.Chrome.MrJ9PG}, goog:chromeOptions: {debuggerAddress: localhost:41485}, javascriptEnabled: true, networkConnectionEnabled: false, pageLoadStrategy: normal, platform: LINUX, platformName: LINUX, proxy: Proxy(), setWindowRect: true, strictFileInteractability: false, timeouts: {implicit: 0, pageLoad: 300000, script: 30000}, unhandledPromptBehavior: dismiss and notify, webauthn:virtualAuthenticators: true}
Session ID: 1ef8f61989f61d1bbcbddd92976df710">
      <![CDATA[org.openqa.selenium.ElementClickInterceptedException: element click intercepted: Element <button _ngcontent-tlv-c20="" class="btn btn-success pointer new-compose-btn">...</button> is not clickable at point (1251, 97). Other element would receive the click: <nb-toast _nghost-tlv-c31="" class="ng-tns-c30-0 ng-trigger ng-trigger-fadeIn danger destroy-by-click has-icon custom-icon ng-star-inserted" style="">...</nb-toast>
  (Session info: chrome=86.0.4240.75)
Build info: version: '3.141.59', revision: 'e82be7d358', time: '2018-11-14T08:17:03'
System info: host: 'piyush-Inspiron-3420', ip: '127.0.1.1', os.name: 'Linux', os.arch: 'amd64', os.version: '5.4.0-48-generic', java.version: '1.8.0_265'
Driver info: org.openqa.selenium.chrome.ChromeDriver
Capabilities {acceptInsecureCerts: false, browserName: chrome, browserVersion: 86.0.4240.75, chrome: {chromedriverVersion: 86.0.4240.22 (398b0743353ff..., userDataDir: /tmp/.com.google.Chrome.MrJ9PG}, goog:chromeOptions: {debuggerAddress: localhost:41485}, javascriptEnabled: true, networkConnectionEnabled: false, pageLoadStrategy: normal, platform: LINUX, platformName: LINUX, proxy: Proxy(), setWindowRect: true, strictFileInteractability: false, timeouts: {implicit: 0, pageLoad: 300000, script: 30000}, unhandledPromptBehavior: dismiss and notify, webauthn:virtualAuthenticators: true}
Session ID: 1ef8f61989f61d1bbcbddd92976df710
	at sun.reflect.NativeConstructorAccessorImpl.newInstance0(Native Method)
	at sun.reflect.NativeConstructorAccessorImpl.newInstance(NativeConstructorAccessorImpl.java:62)
	at sun.reflect.DelegatingConstructorAccessorImpl.newInstance(DelegatingConstructorAccessorImpl.java:45)
	at java.lang.reflect.Constructor.newInstance(Constructor.java:423)
	at org.openqa.selenium.remote.http.W3CHttpResponseCodec.createException(W3CHttpResponseCodec.java:187)
	at org.openqa.selenium.remote.http.W3CHttpResponseCodec.decode(W3CHttpResponseCodec.java:122)
	at org.openqa.selenium.remote.http.W3CHttpResponseCodec.decode(W3CHttpResponseCodec.java:49)
	at org.openqa.selenium.remote.HttpCommandExecutor.execute(HttpCommandExecutor.java:158)
	at org.openqa.selenium.remote.service.DriverCommandExecutor.execute(DriverCommandExecutor.java:83)
	at org.openqa.selenium.remote.RemoteWebDriver.execute(RemoteWebDriver.java:552)
	at org.openqa.selenium.remote.RemoteWebElement.execute(RemoteWebElement.java:285)
	at org.openqa.selenium.remote.RemoteWebElement.click(RemoteWebElement.java:84)
	at sun.reflect.NativeMethodAccessorImpl.invoke0(Native Method)
	at sun.reflect.NativeMethodAccessorImpl.invoke(NativeMethodAccessorImpl.java:62)
	at sun.reflect.DelegatingMethodAccessorImpl.invoke(DelegatingMethodAccessorImpl.java:43)
	at java.lang.reflect.Method.invoke(Method.java:498)
	at org.openqa.selenium.support.pagefactory.internal.LocatingElementHandler.invoke(LocatingElementHandler.java:51)
	at com.sun.proxy.$Proxy13.click(Unknown Source)
	at com.touku.webapp.scripts.MessageList.TC_VerifyComposeMessageButtonClick_89(MessageList.java:780)
	at sun.reflect.NativeMethodAccessorImpl.invoke0(Native Method)
	at sun.reflect.NativeMethodAccessorImpl.invoke(NativeMethodAccessorImpl.java:62)
	at sun.reflect.DelegatingMethodAccessorImpl.invoke(DelegatingMethodAccessorImpl.java:43)
	at java.lang.reflect.Method.invoke(Method.java:498)
	at org.testng.internal.MethodInvocationHelper.invokeMethod(MethodInvocationHelper.java:108)
	at org.testng.internal.Invoker.invokeMethod(Invoker.java:661)
	at org.testng.internal.Invoker.invokeTestMethod(Invoker.java:869)
	at org.testng.internal.Invoker.invokeTestMethods(Invoker.java:1193)
	at org.testng.internal.TestMethodWorker.invokeTestMethods(TestMethodWorker.java:126)
	at org.testng.internal.TestMethodWorker.run(TestMethodWorker.java:109)
	at org.testng.TestRunner.privateRun(TestRunner.java:744)
	at org.testng.TestRunner.run(TestRunner.java:602)
	at org.testng.SuiteRunner.runTest(SuiteRunner.java:380)
	at org.testng.SuiteRunner.runSequentially(SuiteRunner.java:375)
	at org.testng.SuiteRunner.privateRun(SuiteRunner.java:340)
	at org.testng.SuiteRunner.run(SuiteRunner.java:289)
	at org.testng.SuiteRunnerWorker.runSuite(SuiteRunnerWorker.java:52)
	at org.testng.SuiteRunnerWorker.run(SuiteRunnerWorker.java:86)
	at org.testng.TestNG.runSuitesSequentially(TestNG.java:1301)
	at org.testng.TestNG.runSuitesLocally(TestNG.java:1226)
	at org.testng.TestNG.runSuites(TestNG.java:1144)
	at org.testng.TestNG.run(TestNG.java:1115)
	at org.testng.remote.AbstractRemoteTestNG.run(AbstractRemoteTestNG.java:115)
	at org.testng.remote.RemoteTestNG.initAndRun(RemoteTestNG.java:251)
	at org.testng.remote.RemoteTestNG.main(RemoteTestNG.java:77)
]]>
    </error>
  </testcase> <!-- TC_VerifyComposeMessageButtonClick_89 -->
  <testcase name="TC_CheckCurrentURL_90" time="0.012" classname="com.touku.webapp.scripts.MessageList">
    <failure type="java.lang.AssertionError" message="The URL is not same as expected expected [true] but found [false]">
      <![CDATA[java.lang.AssertionError: The URL is not same as expected expected [true] but found [false]
	at org.testng.Assert.fail(Assert.java:93)
	at org.testng.Assert.failNotEquals(Assert.java:512)
	at org.testng.Assert.assertTrue(Assert.java:41)
	at com.touku.webapp.scripts.MessageList.TC_CheckCurrentURL_90(MessageList.java:787)
	at sun.reflect.NativeMethodAccessorImpl.invoke0(Native Method)
	at sun.reflect.NativeMethodAccessorImpl.invoke(NativeMethodAccessorImpl.java:62)
	at sun.reflect.DelegatingMethodAccessorImpl.invoke(DelegatingMethodAccessorImpl.java:43)
	at java.lang.reflect.Method.invoke(Method.java:498)
	at org.testng.internal.MethodInvocationHelper.invokeMethod(MethodInvocationHelper.java:108)
	at org.testng.internal.Invoker.invokeMethod(Invoker.java:661)
	at org.testng.internal.Invoker.invokeTestMethod(Invoker.java:869)
	at org.testng.internal.Invoker.invokeTestMethods(Invoker.java:1193)
	at org.testng.internal.TestMethodWorker.invokeTestMethods(TestMethodWorker.java:126)
	at org.testng.internal.TestMethodWorker.run(TestMethodWorker.java:109)
	at org.testng.TestRunner.privateRun(TestRunner.java:744)
	at org.testng.TestRunner.run(TestRunner.java:602)
	at org.testng.SuiteRunner.runTest(SuiteRunner.java:380)
	at org.testng.SuiteRunner.runSequentially(SuiteRunner.java:375)
	at org.testng.SuiteRunner.privateRun(SuiteRunner.java:340)
	at org.testng.SuiteRunner.run(SuiteRunner.java:289)
	at org.testng.SuiteRunnerWorker.runSuite(SuiteRunnerWorker.java:52)
	at org.testng.SuiteRunnerWorker.run(SuiteRunnerWorker.java:86)
	at org.testng.TestNG.runSuitesSequentially(TestNG.java:1301)
	at org.testng.TestNG.runSuitesLocally(TestNG.java:1226)
	at org.testng.TestNG.runSuites(TestNG.java:1144)
	at org.testng.TestNG.run(TestNG.java:1115)
	at org.testng.remote.AbstractRemoteTestNG.run(AbstractRemoteTestNG.java:115)
	at org.testng.remote.RemoteTestNG.initAndRun(RemoteTestNG.java:251)
	at org.testng.remote.RemoteTestNG.main(RemoteTestNG.java:77)
]]>
    </failure>
  </testcase> <!-- TC_CheckCurrentURL_90 -->
  <testcase name="TC_ReturnToAdminMessagesList_91" time="0.218" classname="com.touku.webapp.scripts.MessageList"/>
</testsuite> <!-- com.touku.webapp.scripts.MessageList -->
